<?xml version="1.0" encoding="UTF-8"?>
<testsuite name="com.example.addressbook.PersonTest" tests="3" skipped="0" failures="0" errors="0" timestamp="2023-01-16T11:07:07" hostname="bhagvatj-ThinkPad-E14-Gen-4" time="0.023">
  <properties/>
  <testcase name="create person()" classname="com.example.addressbook.PersonTest" time="0.02"/>
  <testcase name="update person()" classname="com.example.addressbook.PersonTest" time="0.001"/>
  <testcase name="fetch person()" classname="com.example.addressbook.PersonTest" time="0.0"/>
  <system-out><![CDATA[]]></system-out>
  <system-err><![CDATA[]]></system-err>
</testsuite>
