<?xml version="1.0" encoding="UTF-8"?>
<testsuite name="com.example.addressbook.PersonTest" tests="1" skipped="0" failures="0" errors="0" timestamp="2023-01-17T06:50:05" hostname="bhagvatj-ThinkPad-E14-Gen-4" time="0.013">
  <properties/>
  <testcase name="fetch person()" classname="com.example.addressbook.PersonTest" time="0.013"/>
  <system-out><![CDATA[]]></system-out>
  <system-err><![CDATA[]]></system-err>
</testsuite>
